#
# There is insufficient memory for the Java Runtime Environment to continue.
# Native memory allocation (malloc) failed to allocate 2153552 bytes for Chunk::new
# Possible reasons:
#   The system is out of physical RAM or swap space
#   The process is running with CompressedOops enabled, and the Java Heap may be blocking the growth of the native heap
# Possible solutions:
#   Reduce memory load on the system
#   Increase physical memory or swap space
#   Check if swap backing store is full
#   Decrease Java heap size (-Xmx/-Xms)
#   Decrease number of Java threads
#   Decrease Java thread stack sizes (-Xss)
#   Set larger code cache with -XX:ReservedCodeCacheSize=
#   JVM is running with Unscaled Compressed Oops mode in which the Java heap is
#     placed in the first 4GB address space. The Java Heap base address is the
#     maximum limit for the native heap growth. Please use -XX:HeapBaseMinAddress
#     to set the Java Heap base and to place the Java Heap above 4GB virtual address.
# This output file may be truncated or incomplete.
#
#  Out of Memory Error (arena.cpp:189), pid=45108, tid=9208
#
# JRE version: Java(TM) SE Runtime Environment (17.0.3.1+2) (build 17.0.3.1+2-LTS-6)
# Java VM: Java HotSpot(TM) 64-Bit Server VM (17.0.3.1+2-LTS-6, mixed mode, sharing, tiered, compressed oops, compressed class ptrs, g1 gc, windows-amd64)
# No core dump will be written. Minidumps are not enabled by default on client versions of Windows
#

---------------  S U M M A R Y ------------

Command Line: --add-opens=java.base/java.util=ALL-UNNAMED --add-opens=java.base/java.lang=ALL-UNNAMED --add-opens=java.base/java.lang.invoke=ALL-UNNAMED --add-opens=java.prefs/java.util.prefs=ALL-UNNAMED --add-opens=java.base/java.nio.charset=ALL-UNNAMED --add-opens=java.base/java.net=ALL-UNNAMED --add-opens=java.base/java.util.concurrent.atomic=ALL-UNNAMED -XX:MaxMetaspaceSize=384m -XX:+HeapDumpOnOutOfMemoryError -Xms256m -Xmx512m -Dfile.encoding=windows-1252 -Duser.country=GB -Duser.language=en -Duser.variant -javaagent:C:\Users\28 Programmers\.gradle\wrapper\dists\gradle-8.5-bin\5t9huq95ubn472n8rpzujfbqh\gradle-8.5\lib\agents\gradle-instrumentation-agent-8.5.jar org.gradle.launcher.daemon.bootstrap.GradleDaemon 8.5

Host: 11th Gen Intel(R) Core(TM) i5-1135G7 @ 2.40GHz, 8 cores, 7G,  Windows 11 , 64 bit Build 22000 (10.0.22000.2538)
Time: Sat Mar 30 18:12:24 2024 Azerbaijan Standard Time elapsed time: 27.607279 seconds (0d 0h 0m 27s)

---------------  T H R E A D  ---------------

Current thread (0x00000119f74945f0):  JavaThread "C2 CompilerThread0" daemon [_thread_in_native, id=9208, stack(0x000000159b700000,0x000000159b800000)]


Current CompileTask:
C2:  27607 3856       4       org.codehaus.groovy.reflection.CachedMethod::compareTo (25 bytes)

Stack: [0x000000159b700000,0x000000159b800000]
Native frames: (J=compiled Java code, j=interpreted, Vv=VM code, C=native code)
V  [jvm.dll+0x6711ba]
V  [jvm.dll+0x7d0834]
V  [jvm.dll+0x7d1fde]
V  [jvm.dll+0x7d2643]
V  [jvm.dll+0x242c85]
V  [jvm.dll+0xaa57b]
V  [jvm.dll+0xaab0c]
V  [jvm.dll+0x35ff77]
V  [jvm.dll+0x32a581]
V  [jvm.dll+0x329a2a]
V  [jvm.dll+0x215d61]
V  [jvm.dll+0x215181]
V  [jvm.dll+0x1a1c3d]
V  [jvm.dll+0x2249c8]
V  [jvm.dll+0x222b2c]
V  [jvm.dll+0x78650b]
V  [jvm.dll+0x780aca]
V  [jvm.dll+0x670045]
C  [ucrtbase.dll+0x26c0c]
C  [KERNEL32.DLL+0x153e0]
C  [ntdll.dll+0x485b]


---------------  P R O C E S S  ---------------

Threads class SMR info:
_java_thread_list=0x00000119f8377fe0, length=37, elements={
0x00000119ebbcf530, 0x00000119f7474e60, 0x00000119f7475a10, 0x00000119f748db30,
0x00000119f74904f0, 0x00000119f7492eb0, 0x00000119f7493860, 0x00000119f74945f0,
0x00000119f7497850, 0x00000119f74989e0, 0x00000119f809d1c0, 0x00000119f80ea5e0,
0x00000119fa5f65c0, 0x00000119f9081210, 0x00000119f8d310b0, 0x00000119f91c32b0,
0x00000119f9bc7670, 0x00000119f957bbc0, 0x00000119f9dcb860, 0x00000119f9ca7710,
0x00000119f9ca7be0, 0x00000119f80500f0, 0x00000119f804c730, 0x00000119f804df40,
0x00000119f804d5a0, 0x00000119f804e410, 0x00000119f804fc20, 0x00000119f804da70,
0x00000119f804cc00, 0x00000119f804edb0, 0x00000119f804d0d0, 0x00000119f804f750,
0x00000119f804f280, 0x00000119fadf7710, 0x00000119fadf5560, 0x00000119fadf8a50,
0x00000119fadf2540
}

Java Threads: ( => current thread )
  0x00000119ebbcf530 JavaThread "main" [_thread_blocked, id=51972, stack(0x000000159aa00000,0x000000159ab00000)]
  0x00000119f7474e60 JavaThread "Reference Handler" daemon [_thread_blocked, id=48360, stack(0x000000159b100000,0x000000159b200000)]
  0x00000119f7475a10 JavaThread "Finalizer" daemon [_thread_blocked, id=45112, stack(0x000000159b200000,0x000000159b300000)]
  0x00000119f748db30 JavaThread "Signal Dispatcher" daemon [_thread_blocked, id=47492, stack(0x000000159b300000,0x000000159b400000)]
  0x00000119f74904f0 JavaThread "Attach Listener" daemon [_thread_blocked, id=45888, stack(0x000000159b400000,0x000000159b500000)]
  0x00000119f7492eb0 JavaThread "Service Thread" daemon [_thread_blocked, id=47292, stack(0x000000159b500000,0x000000159b600000)]
  0x00000119f7493860 JavaThread "Monitor Deflation Thread" daemon [_thread_blocked, id=45028, stack(0x000000159b600000,0x000000159b700000)]
=>0x00000119f74945f0 JavaThread "C2 CompilerThread0" daemon [_thread_in_native, id=9208, stack(0x000000159b700000,0x000000159b800000)]
  0x00000119f7497850 JavaThread "C1 CompilerThread0" daemon [_thread_blocked, id=33852, stack(0x000000159b800000,0x000000159b900000)]
  0x00000119f74989e0 JavaThread "Sweeper thread" daemon [_thread_blocked, id=47196, stack(0x000000159b900000,0x000000159ba00000)]
  0x00000119f809d1c0 JavaThread "Common-Cleaner" daemon [_thread_blocked, id=47056, stack(0x000000159ba00000,0x000000159bb00000)]
  0x00000119f80ea5e0 JavaThread "Notification Thread" daemon [_thread_blocked, id=50276, stack(0x000000159bb00000,0x000000159bc00000)]
  0x00000119fa5f65c0 JavaThread "Daemon health stats" [_thread_blocked, id=48804, stack(0x000000159c200000,0x000000159c300000)]
  0x00000119f9081210 JavaThread "Incoming local TCP Connector on port 64241" [_thread_in_native, id=12784, stack(0x000000159c300000,0x000000159c400000)]
  0x00000119f8d310b0 JavaThread "Daemon periodic checks" [_thread_blocked, id=45768, stack(0x000000159c400000,0x000000159c500000)]
  0x00000119f91c32b0 JavaThread "Daemon" [_thread_blocked, id=52200, stack(0x000000159c500000,0x000000159c600000)]
  0x00000119f9bc7670 JavaThread "Handler for socket connection from /127.0.0.1:64241 to /127.0.0.1:64242" [_thread_in_native, id=18848, stack(0x000000159c600000,0x000000159c700000)]
  0x00000119f957bbc0 JavaThread "Cancel handler" [_thread_blocked, id=46784, stack(0x000000159c700000,0x000000159c800000)]
  0x00000119f9dcb860 JavaThread "Daemon worker" [_thread_in_vm, id=18500, stack(0x000000159c800000,0x000000159c900000)]
  0x00000119f9ca7710 JavaThread "Asynchronous log dispatcher for DefaultDaemonConnection: socket connection from /127.0.0.1:64241 to /127.0.0.1:64242" [_thread_blocked, id=17696, stack(0x000000159c900000,0x000000159ca00000)]
  0x00000119f9ca7be0 JavaThread "Stdin handler" [_thread_blocked, id=9560, stack(0x000000159ca00000,0x000000159cb00000)]
  0x00000119f80500f0 JavaThread "Daemon client event forwarder" [_thread_blocked, id=32656, stack(0x000000159cb00000,0x000000159cc00000)]
  0x00000119f804c730 JavaThread "Cache worker for journal cache (C:\Users\28 Programmers\.gradle\caches\journal-1)" [_thread_blocked, id=47488, stack(0x000000159cc00000,0x000000159cd00000)]
  0x00000119f804df40 JavaThread "File lock request listener" [_thread_in_native, id=4172, stack(0x000000159cd00000,0x000000159ce00000)]
  0x00000119f804d5a0 JavaThread "Cache worker for file hash cache (C:\Users\28 Programmers\.gradle\caches\8.5\fileHashes)" [_thread_blocked, id=46764, stack(0x000000159ce00000,0x000000159cf00000)]
  0x00000119f804e410 JavaThread "File watcher server" daemon [_thread_in_native, id=7556, stack(0x000000159cf00000,0x000000159d000000)]
  0x00000119f804fc20 JavaThread "File watcher consumer" daemon [_thread_blocked, id=45792, stack(0x000000159d000000,0x000000159d100000)]
  0x00000119f804da70 JavaThread "Cache worker for checksums cache (C:\Users\28 Programmers\Downloads\unversity-register\unversity-register\.gradle\8.5\checksums)" [_thread_blocked, id=14236, stack(0x000000159d400000,0x000000159d500000)]
  0x00000119f804cc00 JavaThread "Cache worker for file hash cache (C:\Users\28 Programmers\Downloads\unversity-register\unversity-register\.gradle\8.5\fileHashes)" [_thread_blocked, id=51052, stack(0x000000159d500000,0x000000159d600000)]
  0x00000119f804edb0 JavaThread "Cache worker for cache directory md-supplier (C:\Users\28 Programmers\.gradle\caches\8.5\md-supplier)" [_thread_blocked, id=13284, stack(0x000000159d600000,0x000000159d700000)]
  0x00000119f804d0d0 JavaThread "Cache worker for cache directory md-rule (C:\Users\28 Programmers\.gradle\caches\8.5\md-rule)" [_thread_blocked, id=45184, stack(0x000000159d700000,0x000000159d800000)]
  0x00000119f804f750 JavaThread "Cache worker for file content cache (C:\Users\28 Programmers\.gradle\caches\8.5\fileContent)" [_thread_blocked, id=45928, stack(0x000000159d800000,0x000000159d900000)]
  0x00000119f804f280 JavaThread "Cache worker for execution history cache (C:\Users\28 Programmers\.gradle\caches\8.5\executionHistory)" [_thread_blocked, id=51088, stack(0x000000159d900000,0x000000159da00000)]
  0x00000119fadf7710 JavaThread "jar transforms" [_thread_blocked, id=45512, stack(0x000000159da00000,0x000000159db00000)]
  0x00000119fadf5560 JavaThread "jar transforms Thread 2" [_thread_blocked, id=49308, stack(0x000000159db00000,0x000000159dc00000)]
  0x00000119fadf8a50 JavaThread "jar transforms Thread 3" [_thread_blocked, id=35860, stack(0x000000159dc00000,0x000000159dd00000)]
  0x00000119fadf2540 JavaThread "jar transforms Thread 4" [_thread_blocked, id=6344, stack(0x000000159dd00000,0x000000159de00000)]

Other Threads:
  0x00000119f746e480 VMThread "VM Thread" [stack: 0x000000159b000000,0x000000159b100000] [id=47100]
  0x00000119f8150750 WatcherThread [stack: 0x000000159bc00000,0x000000159bd00000] [id=50480]
  0x00000119ebc00780 GCTaskThread "GC Thread#0" [stack: 0x000000159ab00000,0x000000159ac00000] [id=46004]
  0x00000119f8e1a5d0 GCTaskThread "GC Thread#1" [stack: 0x000000159bd00000,0x000000159be00000] [id=50600]
  0x00000119f8e1a880 GCTaskThread "GC Thread#2" [stack: 0x000000159be00000,0x000000159bf00000] [id=21460]
  0x00000119f8e1ab30 GCTaskThread "GC Thread#3" [stack: 0x000000159bf00000,0x000000159c000000] [id=6264]
  0x00000119f92b6000 GCTaskThread "GC Thread#4" [stack: 0x000000159c000000,0x000000159c100000] [id=19528]
  0x00000119f92b62b0 GCTaskThread "GC Thread#5" [stack: 0x000000159c100000,0x000000159c200000] [id=7932]
  0x00000119f9d26a10 GCTaskThread "GC Thread#6" [stack: 0x000000159d100000,0x000000159d200000] [id=46332]
  0x00000119f8ea0a30 GCTaskThread "GC Thread#7" [stack: 0x000000159d200000,0x000000159d300000] [id=32340]
  0x00000119ebc056c0 ConcurrentGCThread "G1 Main Marker" [stack: 0x000000159ac00000,0x000000159ad00000] [id=46772]
  0x00000119ebc070e0 ConcurrentGCThread "G1 Conc#0" [stack: 0x000000159ad00000,0x000000159ae00000] [id=13268]
  0x00000119fb02c470 ConcurrentGCThread "G1 Conc#1" [stack: 0x000000159d300000,0x000000159d400000] [id=51848]
  0x00000119ebcae8e0 ConcurrentGCThread "G1 Refine#0" [stack: 0x000000159ae00000,0x000000159af00000] [id=47724]
  0x00000119f7332410 ConcurrentGCThread "G1 Service" [stack: 0x000000159af00000,0x000000159b000000] [id=43164]

Threads with active compile tasks:
C2 CompilerThread0    27634 3856       4       org.codehaus.groovy.reflection.CachedMethod::compareTo (25 bytes)

VM state: not at safepoint (normal execution)

VM Mutex/Monitor currently owned by a thread: None

Heap address: 0x00000000e0000000, size: 512 MB, Compressed Oops mode: 32-bit

CDS archive(s) mapped at: [0x0000000800000000-0x0000000800bc0000-0x0000000800bc0000), size 12320768, SharedBaseAddress: 0x0000000800000000, ArchiveRelocationMode: 0.
Compressed class space mapped at: 0x0000000800c00000-0x0000000814000000, reserved size: 322961408
Narrow klass base: 0x0000000800000000, Narrow klass shift: 0, Narrow klass range: 0x100000000

GC Precious Log:
 CPUs: 8 total, 8 available
 Memory: 7957M
 Large Page Support: Disabled
 NUMA Support: Disabled
 Compressed Oops: Enabled (32-bit)
 Heap Region Size: 1M
 Heap Min Capacity: 256M
 Heap Initial Capacity: 256M
 Heap Max Capacity: 512M
 Pre-touch: Disabled
 Parallel Workers: 8
 Concurrent Workers: 2
 Concurrent Refinement Workers: 8
 Periodic GC: Disabled

Heap:
 garbage-first heap   total 262144K, used 122554K [0x00000000e0000000, 0x0000000100000000)
  region size 1024K, 107 young (109568K), 12 survivors (12288K)
 Metaspace       used 34314K, committed 34688K, reserved 348160K
  class space    used 4754K, committed 4928K, reserved 315392K

Heap Regions: E=young(eden), S=young(survivor), O=old, HS=humongous(starts), HC=humongous(continues), CS=collection set, F=free, OA=open archive, CA=closed archive, TAMS=top-at-mark-start (previous, next)
|   0|0x00000000e0000000, 0x00000000e0100000, 0x00000000e0100000|100%|HS|  |TAMS 0x00000000e0100000, 0x00000000e0000000| Complete 
|   1|0x00000000e0100000, 0x00000000e0200000, 0x00000000e0200000|100%|HC|  |TAMS 0x00000000e0200000, 0x00000000e0100000| Complete 
|   2|0x00000000e0200000, 0x00000000e0300000, 0x00000000e0300000|100%|HC|  |TAMS 0x00000000e0300000, 0x00000000e0200000| Complete 
|   3|0x00000000e0300000, 0x00000000e0400000, 0x00000000e0400000|100%|HC|  |TAMS 0x00000000e0400000, 0x00000000e0300000| Complete 
|   4|0x00000000e0400000, 0x00000000e0500000, 0x00000000e0500000|100%| O|  |TAMS 0x00000000e0500000, 0x00000000e0400000| Complete 
|   5|0x00000000e0500000, 0x00000000e0600000, 0x00000000e0600000|100%| O|  |TAMS 0x00000000e0600000, 0x00000000e0500000| Untracked 
|   6|0x00000000e0600000, 0x00000000e0700000, 0x00000000e0700000|100%| O|  |TAMS 0x00000000e0700000, 0x00000000e0600000| Untracked 
|   7|0x00000000e0700000, 0x00000000e0800000, 0x00000000e0800000|100%| O|  |TAMS 0x00000000e0800000, 0x00000000e0700000| Untracked 
|   8|0x00000000e0800000, 0x00000000e0900000, 0x00000000e0900000|100%| O|  |TAMS 0x00000000e0900000, 0x00000000e0800000| Untracked 
|   9|0x00000000e0900000, 0x00000000e0a00000, 0x00000000e0a00000|100%| O|  |TAMS 0x00000000e0a00000, 0x00000000e0900000| Untracked 
|  10|0x00000000e0a00000, 0x00000000e0a50a00, 0x00000000e0b00000| 31%| O|  |TAMS 0x00000000e0a50a00, 0x00000000e0a00000| Untracked 
|  11|0x00000000e0b00000, 0x00000000e0c00000, 0x00000000e0c00000|100%|HS|  |TAMS 0x00000000e0b00000, 0x00000000e0b00000| Complete 
|  12|0x00000000e0c00000, 0x00000000e0d00000, 0x00000000e0d00000|100%|HS|  |TAMS 0x00000000e0c00000, 0x00000000e0c00000| Complete 
|  13|0x00000000e0d00000, 0x00000000e0e00000, 0x00000000e0e00000|100%|HC|  |TAMS 0x00000000e0d00000, 0x00000000e0d00000| Complete 
|  14|0x00000000e0e00000, 0x00000000e0f00000, 0x00000000e0f00000|100%|HS|  |TAMS 0x00000000e0e00000, 0x00000000e0e00000| Complete 
|  15|0x00000000e0f00000, 0x00000000e1000000, 0x00000000e1000000|100%|HC|  |TAMS 0x00000000e0f00000, 0x00000000e0f00000| Complete 
|  16|0x00000000e1000000, 0x00000000e1000000, 0x00000000e1100000|  0%| F|  |TAMS 0x00000000e1000000, 0x00000000e1000000| Untracked 
|  17|0x00000000e1100000, 0x00000000e1100000, 0x00000000e1200000|  0%| F|  |TAMS 0x00000000e1100000, 0x00000000e1100000| Untracked 
|  18|0x00000000e1200000, 0x00000000e1200000, 0x00000000e1300000|  0%| F|  |TAMS 0x00000000e1200000, 0x00000000e1200000| Untracked 
|  19|0x00000000e1300000, 0x00000000e1300000, 0x00000000e1400000|  0%| F|  |TAMS 0x00000000e1300000, 0x00000000e1300000| Untracked 
|  20|0x00000000e1400000, 0x00000000e1400000, 0x00000000e1500000|  0%| F|  |TAMS 0x00000000e1400000, 0x00000000e1400000| Untracked 
|  21|0x00000000e1500000, 0x00000000e1500000, 0x00000000e1600000|  0%| F|  |TAMS 0x00000000e1500000, 0x00000000e1500000| Untracked 
|  22|0x00000000e1600000, 0x00000000e1600000, 0x00000000e1700000|  0%| F|  |TAMS 0x00000000e1600000, 0x00000000e1600000| Untracked 
|  23|0x00000000e1700000, 0x00000000e1700000, 0x00000000e1800000|  0%| F|  |TAMS 0x00000000e1700000, 0x00000000e1700000| Untracked 
|  24|0x00000000e1800000, 0x00000000e1800000, 0x00000000e1900000|  0%| F|  |TAMS 0x00000000e1800000, 0x00000000e1800000| Untracked 
|  25|0x00000000e1900000, 0x00000000e1900000, 0x00000000e1a00000|  0%| F|  |TAMS 0x00000000e1900000, 0x00000000e1900000| Untracked 
|  26|0x00000000e1a00000, 0x00000000e1a00000, 0x00000000e1b00000|  0%| F|  |TAMS 0x00000000e1a00000, 0x00000000e1a00000| Untracked 
|  27|0x00000000e1b00000, 0x00000000e1b00000, 0x00000000e1c00000|  0%| F|  |TAMS 0x00000000e1b00000, 0x00000000e1b00000| Untracked 
|  28|0x00000000e1c00000, 0x00000000e1c00000, 0x00000000e1d00000|  0%| F|  |TAMS 0x00000000e1c00000, 0x00000000e1c00000| Untracked 
|  29|0x00000000e1d00000, 0x00000000e1d00000, 0x00000000e1e00000|  0%| F|  |TAMS 0x00000000e1d00000, 0x00000000e1d00000| Untracked 
|  30|0x00000000e1e00000, 0x00000000e1e00000, 0x00000000e1f00000|  0%| F|  |TAMS 0x00000000e1e00000, 0x00000000e1e00000| Untracked 
|  31|0x00000000e1f00000, 0x00000000e1f00000, 0x00000000e2000000|  0%| F|  |TAMS 0x00000000e1f00000, 0x00000000e1f00000| Untracked 
|  32|0x00000000e2000000, 0x00000000e2000000, 0x00000000e2100000|  0%| F|  |TAMS 0x00000000e2000000, 0x00000000e2000000| Untracked 
|  33|0x00000000e2100000, 0x00000000e2100000, 0x00000000e2200000|  0%| F|  |TAMS 0x00000000e2100000, 0x00000000e2100000| Untracked 
|  34|0x00000000e2200000, 0x00000000e2200000, 0x00000000e2300000|  0%| F|  |TAMS 0x00000000e2200000, 0x00000000e2200000| Untracked 
|  35|0x00000000e2300000, 0x00000000e2300000, 0x00000000e2400000|  0%| F|  |TAMS 0x00000000e2300000, 0x00000000e2300000| Untracked 
|  36|0x00000000e2400000, 0x00000000e2400000, 0x00000000e2500000|  0%| F|  |TAMS 0x00000000e2400000, 0x00000000e2400000| Untracked 
|  37|0x00000000e2500000, 0x00000000e2500000, 0x00000000e2600000|  0%| F|  |TAMS 0x00000000e2500000, 0x00000000e2500000| Untracked 
|  38|0x00000000e2600000, 0x00000000e2600000, 0x00000000e2700000|  0%| F|  |TAMS 0x00000000e2600000, 0x00000000e2600000| Untracked 
|  39|0x00000000e2700000, 0x00000000e2700000, 0x00000000e2800000|  0%| F|  |TAMS 0x00000000e2700000, 0x00000000e2700000| Untracked 
|  40|0x00000000e2800000, 0x00000000e2800000, 0x00000000e2900000|  0%| F|  |TAMS 0x00000000e2800000, 0x00000000e2800000| Untracked 
|  41|0x00000000e2900000, 0x00000000e2900000, 0x00000000e2a00000|  0%| F|  |TAMS 0x00000000e2900000, 0x00000000e2900000| Untracked 
|  42|0x00000000e2a00000, 0x00000000e2a00000, 0x00000000e2b00000|  0%| F|  |TAMS 0x00000000e2a00000, 0x00000000e2a00000| Untracked 
|  43|0x00000000e2b00000, 0x00000000e2b00000, 0x00000000e2c00000|  0%| F|  |TAMS 0x00000000e2b00000, 0x00000000e2b00000| Untracked 
|  44|0x00000000e2c00000, 0x00000000e2c00000, 0x00000000e2d00000|  0%| F|  |TAMS 0x00000000e2c00000, 0x00000000e2c00000| Untracked 
|  45|0x00000000e2d00000, 0x00000000e2d00000, 0x00000000e2e00000|  0%| F|  |TAMS 0x00000000e2d00000, 0x00000000e2d00000| Untracked 
|  46|0x00000000e2e00000, 0x00000000e2e00000, 0x00000000e2f00000|  0%| F|  |TAMS 0x00000000e2e00000, 0x00000000e2e00000| Untracked 
|  47|0x00000000e2f00000, 0x00000000e2f00000, 0x00000000e3000000|  0%| F|  |TAMS 0x00000000e2f00000, 0x00000000e2f00000| Untracked 
|  48|0x00000000e3000000, 0x00000000e3000000, 0x00000000e3100000|  0%| F|  |TAMS 0x00000000e3000000, 0x00000000e3000000| Untracked 
|  49|0x00000000e3100000, 0x00000000e3100000, 0x00000000e3200000|  0%| F|  |TAMS 0x00000000e3100000, 0x00000000e3100000| Untracked 
|  50|0x00000000e3200000, 0x00000000e3200000, 0x00000000e3300000|  0%| F|  |TAMS 0x00000000e3200000, 0x00000000e3200000| Untracked 
|  51|0x00000000e3300000, 0x00000000e3300000, 0x00000000e3400000|  0%| F|  |TAMS 0x00000000e3300000, 0x00000000e3300000| Untracked 
|  52|0x00000000e3400000, 0x00000000e3400000, 0x00000000e3500000|  0%| F|  |TAMS 0x00000000e3400000, 0x00000000e3400000| Untracked 
|  53|0x00000000e3500000, 0x00000000e3500000, 0x00000000e3600000|  0%| F|  |TAMS 0x00000000e3500000, 0x00000000e3500000| Untracked 
|  54|0x00000000e3600000, 0x00000000e3600000, 0x00000000e3700000|  0%| F|  |TAMS 0x00000000e3600000, 0x00000000e3600000| Untracked 
|  55|0x00000000e3700000, 0x00000000e3700000, 0x00000000e3800000|  0%| F|  |TAMS 0x00000000e3700000, 0x00000000e3700000| Untracked 
|  56|0x00000000e3800000, 0x00000000e3800000, 0x00000000e3900000|  0%| F|  |TAMS 0x00000000e3800000, 0x00000000e3800000| Untracked 
|  57|0x00000000e3900000, 0x00000000e3900000, 0x00000000e3a00000|  0%| F|  |TAMS 0x00000000e3900000, 0x00000000e3900000| Untracked 
|  58|0x00000000e3a00000, 0x00000000e3a00000, 0x00000000e3b00000|  0%| F|  |TAMS 0x00000000e3a00000, 0x00000000e3a00000| Untracked 
|  59|0x00000000e3b00000, 0x00000000e3b00000, 0x00000000e3c00000|  0%| F|  |TAMS 0x00000000e3b00000, 0x00000000e3b00000| Untracked 
|  60|0x00000000e3c00000, 0x00000000e3c00000, 0x00000000e3d00000|  0%| F|  |TAMS 0x00000000e3c00000, 0x00000000e3c00000| Untracked 
|  61|0x00000000e3d00000, 0x00000000e3d00000, 0x00000000e3e00000|  0%| F|  |TAMS 0x00000000e3d00000, 0x00000000e3d00000| Untracked 
|  62|0x00000000e3e00000, 0x00000000e3e00000, 0x00000000e3f00000|  0%| F|  |TAMS 0x00000000e3e00000, 0x00000000e3e00000| Untracked 
|  63|0x00000000e3f00000, 0x00000000e3f00000, 0x00000000e4000000|  0%| F|  |TAMS 0x00000000e3f00000, 0x00000000e3f00000| Untracked 
|  64|0x00000000e4000000, 0x00000000e4000000, 0x00000000e4100000|  0%| F|  |TAMS 0x00000000e4000000, 0x00000000e4000000| Untracked 
|  65|0x00000000e4100000, 0x00000000e4100000, 0x00000000e4200000|  0%| F|  |TAMS 0x00000000e4100000, 0x00000000e4100000| Untracked 
|  66|0x00000000e4200000, 0x00000000e4200000, 0x00000000e4300000|  0%| F|  |TAMS 0x00000000e4200000, 0x00000000e4200000| Untracked 
|  67|0x00000000e4300000, 0x00000000e4300000, 0x00000000e4400000|  0%| F|  |TAMS 0x00000000e4300000, 0x00000000e4300000| Untracked 
|  68|0x00000000e4400000, 0x00000000e4400000, 0x00000000e4500000|  0%| F|  |TAMS 0x00000000e4400000, 0x00000000e4400000| Untracked 
|  69|0x00000000e4500000, 0x00000000e4500000, 0x00000000e4600000|  0%| F|  |TAMS 0x00000000e4500000, 0x00000000e4500000| Untracked 
|  70|0x00000000e4600000, 0x00000000e4600000, 0x00000000e4700000|  0%| F|  |TAMS 0x00000000e4600000, 0x00000000e4600000| Untracked 
|  71|0x00000000e4700000, 0x00000000e4700000, 0x00000000e4800000|  0%| F|  |TAMS 0x00000000e4700000, 0x00000000e4700000| Untracked 
|  72|0x00000000e4800000, 0x00000000e4800000, 0x00000000e4900000|  0%| F|  |TAMS 0x00000000e4800000, 0x00000000e4800000| Untracked 
|  73|0x00000000e4900000, 0x00000000e4900000, 0x00000000e4a00000|  0%| F|  |TAMS 0x00000000e4900000, 0x00000000e4900000| Untracked 
|  74|0x00000000e4a00000, 0x00000000e4a00000, 0x00000000e4b00000|  0%| F|  |TAMS 0x00000000e4a00000, 0x00000000e4a00000| Untracked 
|  75|0x00000000e4b00000, 0x00000000e4b00000, 0x00000000e4c00000|  0%| F|  |TAMS 0x00000000e4b00000, 0x00000000e4b00000| Untracked 
|  76|0x00000000e4c00000, 0x00000000e4c00000, 0x00000000e4d00000|  0%| F|  |TAMS 0x00000000e4c00000, 0x00000000e4c00000| Untracked 
|  77|0x00000000e4d00000, 0x00000000e4d00000, 0x00000000e4e00000|  0%| F|  |TAMS 0x00000000e4d00000, 0x00000000e4d00000| Untracked 
|  78|0x00000000e4e00000, 0x00000000e4e00000, 0x00000000e4f00000|  0%| F|  |TAMS 0x00000000e4e00000, 0x00000000e4e00000| Untracked 
|  79|0x00000000e4f00000, 0x00000000e4f00000, 0x00000000e5000000|  0%| F|  |TAMS 0x00000000e4f00000, 0x00000000e4f00000| Untracked 
|  80|0x00000000e5000000, 0x00000000e5000000, 0x00000000e5100000|  0%| F|  |TAMS 0x00000000e5000000, 0x00000000e5000000| Untracked 
|  81|0x00000000e5100000, 0x00000000e5100000, 0x00000000e5200000|  0%| F|  |TAMS 0x00000000e5100000, 0x00000000e5100000| Untracked 
|  82|0x00000000e5200000, 0x00000000e5200000, 0x00000000e5300000|  0%| F|  |TAMS 0x00000000e5200000, 0x00000000e5200000| Untracked 
|  83|0x00000000e5300000, 0x00000000e5300000, 0x00000000e5400000|  0%| F|  |TAMS 0x00000000e5300000, 0x00000000e5300000| Untracked 
|  84|0x00000000e5400000, 0x00000000e5400000, 0x00000000e5500000|  0%| F|  |TAMS 0x00000000e5400000, 0x00000000e5400000| Untracked 
|  85|0x00000000e5500000, 0x00000000e5500000, 0x00000000e5600000|  0%| F|  |TAMS 0x00000000e5500000, 0x00000000e5500000| Untracked 
|  86|0x00000000e5600000, 0x00000000e5600000, 0x00000000e5700000|  0%| F|  |TAMS 0x00000000e5600000, 0x00000000e5600000| Untracked 
|  87|0x00000000e5700000, 0x00000000e5700000, 0x00000000e5800000|  0%| F|  |TAMS 0x00000000e5700000, 0x00000000e5700000| Untracked 
|  88|0x00000000e5800000, 0x00000000e5800000, 0x00000000e5900000|  0%| F|  |TAMS 0x00000000e5800000, 0x00000000e5800000| Untracked 
|  89|0x00000000e5900000, 0x00000000e5900000, 0x00000000e5a00000|  0%| F|  |TAMS 0x00000000e5900000, 0x00000000e5900000| Untracked 
|  90|0x00000000e5a00000, 0x00000000e5a00000, 0x00000000e5b00000|  0%| F|  |TAMS 0x00000000e5a00000, 0x00000000e5a00000| Untracked 
|  91|0x00000000e5b00000, 0x00000000e5b00000, 0x00000000e5c00000|  0%| F|  |TAMS 0x00000000e5b00000, 0x00000000e5b00000| Untracked 
|  92|0x00000000e5c00000, 0x00000000e5c00000, 0x00000000e5d00000|  0%| F|  |TAMS 0x00000000e5c00000, 0x00000000e5c00000| Untracked 
|  93|0x00000000e5d00000, 0x00000000e5d00000, 0x00000000e5e00000|  0%| F|  |TAMS 0x00000000e5d00000, 0x00000000e5d00000| Untracked 
|  94|0x00000000e5e00000, 0x00000000e5e00000, 0x00000000e5f00000|  0%| F|  |TAMS 0x00000000e5e00000, 0x00000000e5e00000| Untracked 
|  95|0x00000000e5f00000, 0x00000000e5f00000, 0x00000000e6000000|  0%| F|  |TAMS 0x00000000e5f00000, 0x00000000e5f00000| Untracked 
|  96|0x00000000e6000000, 0x00000000e6000000, 0x00000000e6100000|  0%| F|  |TAMS 0x00000000e6000000, 0x00000000e6000000| Untracked 
|  97|0x00000000e6100000, 0x00000000e6100000, 0x00000000e6200000|  0%| F|  |TAMS 0x00000000e6100000, 0x00000000e6100000| Untracked 
|  98|0x00000000e6200000, 0x00000000e6200000, 0x00000000e6300000|  0%| F|  |TAMS 0x00000000e6200000, 0x00000000e6200000| Untracked 
|  99|0x00000000e6300000, 0x00000000e6300000, 0x00000000e6400000|  0%| F|  |TAMS 0x00000000e6300000, 0x00000000e6300000| Untracked 
| 100|0x00000000e6400000, 0x00000000e6400000, 0x00000000e6500000|  0%| F|  |TAMS 0x00000000e6400000, 0x00000000e6400000| Untracked 
| 101|0x00000000e6500000, 0x00000000e6500000, 0x00000000e6600000|  0%| F|  |TAMS 0x00000000e6500000, 0x00000000e6500000| Untracked 
| 102|0x00000000e6600000, 0x00000000e6600000, 0x00000000e6700000|  0%| F|  |TAMS 0x00000000e6600000, 0x00000000e6600000| Untracked 
| 103|0x00000000e6700000, 0x00000000e6700000, 0x00000000e6800000|  0%| F|  |TAMS 0x00000000e6700000, 0x00000000e6700000| Untracked 
| 104|0x00000000e6800000, 0x00000000e6800000, 0x00000000e6900000|  0%| F|  |TAMS 0x00000000e6800000, 0x00000000e6800000| Untracked 
| 105|0x00000000e6900000, 0x00000000e6900000, 0x00000000e6a00000|  0%| F|  |TAMS 0x00000000e6900000, 0x00000000e6900000| Untracked 
| 106|0x00000000e6a00000, 0x00000000e6a00000, 0x00000000e6b00000|  0%| F|  |TAMS 0x00000000e6a00000, 0x00000000e6a00000| Untracked 
| 107|0x00000000e6b00000, 0x00000000e6b00000, 0x00000000e6c00000|  0%| F|  |TAMS 0x00000000e6b00000, 0x00000000e6b00000| Untracked 
| 108|0x00000000e6c00000, 0x00000000e6c00000, 0x00000000e6d00000|  0%| F|  |TAMS 0x00000000e6c00000, 0x00000000e6c00000| Untracked 
| 109|0x00000000e6d00000, 0x00000000e6d00000, 0x00000000e6e00000|  0%| F|  |TAMS 0x00000000e6d00000, 0x00000000e6d00000| Untracked 
| 110|0x00000000e6e00000, 0x00000000e6e00000, 0x00000000e6f00000|  0%| F|  |TAMS 0x00000000e6e00000, 0x00000000e6e00000| Untracked 
| 111|0x00000000e6f00000, 0x00000000e6f00000, 0x00000000e7000000|  0%| F|  |TAMS 0x00000000e6f00000, 0x00000000e6f00000| Untracked 
| 112|0x00000000e7000000, 0x00000000e7000000, 0x00000000e7100000|  0%| F|  |TAMS 0x00000000e7000000, 0x00000000e7000000| Untracked 
| 113|0x00000000e7100000, 0x00000000e7100000, 0x00000000e7200000|  0%| F|  |TAMS 0x00000000e7100000, 0x00000000e7100000| Untracked 
| 114|0x00000000e7200000, 0x00000000e7200000, 0x00000000e7300000|  0%| F|  |TAMS 0x00000000e7200000, 0x00000000e7200000| Untracked 
| 115|0x00000000e7300000, 0x00000000e7300000, 0x00000000e7400000|  0%| F|  |TAMS 0x00000000e7300000, 0x00000000e7300000| Untracked 
| 116|0x00000000e7400000, 0x00000000e7400000, 0x00000000e7500000|  0%| F|  |TAMS 0x00000000e7400000, 0x00000000e7400000| Untracked 
| 117|0x00000000e7500000, 0x00000000e7500000, 0x00000000e7600000|  0%| F|  |TAMS 0x00000000e7500000, 0x00000000e7500000| Untracked 
| 118|0x00000000e7600000, 0x00000000e7600000, 0x00000000e7700000|  0%| F|  |TAMS 0x00000000e7600000, 0x00000000e7600000| Untracked 
| 119|0x00000000e7700000, 0x00000000e7700000, 0x00000000e7800000|  0%| F|  |TAMS 0x00000000e7700000, 0x00000000e7700000| Untracked 
| 120|0x00000000e7800000, 0x00000000e785ded0, 0x00000000e7900000| 36%| S|CS|TAMS 0x00000000e7800000, 0x00000000e7800000| Complete 
| 121|0x00000000e7900000, 0x00000000e7a00000, 0x00000000e7a00000|100%| S|CS|TAMS 0x00000000e7900000, 0x00000000e7900000| Complete 
| 122|0x00000000e7a00000, 0x00000000e7b00000, 0x00000000e7b00000|100%| S|CS|TAMS 0x00000000e7a00000, 0x00000000e7a00000| Complete 
| 123|0x00000000e7b00000, 0x00000000e7c00000, 0x00000000e7c00000|100%| S|CS|TAMS 0x00000000e7b00000, 0x00000000e7b00000| Complete 
| 124|0x00000000e7c00000, 0x00000000e7d00000, 0x00000000e7d00000|100%| S|CS|TAMS 0x00000000e7c00000, 0x00000000e7c00000| Complete 
| 125|0x00000000e7d00000, 0x00000000e7e00000, 0x00000000e7e00000|100%| S|CS|TAMS 0x00000000e7d00000, 0x00000000e7d00000| Complete 
| 126|0x00000000e7e00000, 0x00000000e7f00000, 0x00000000e7f00000|100%| S|CS|TAMS 0x00000000e7e00000, 0x00000000e7e00000| Complete 
| 127|0x00000000e7f00000, 0x00000000e8000000, 0x00000000e8000000|100%| S|CS|TAMS 0x00000000e7f00000, 0x00000000e7f00000| Complete 
| 128|0x00000000e8000000, 0x00000000e8100000, 0x00000000e8100000|100%| S|CS|TAMS 0x00000000e8000000, 0x00000000e8000000| Complete 
| 129|0x00000000e8100000, 0x00000000e8200000, 0x00000000e8200000|100%| S|CS|TAMS 0x00000000e8100000, 0x00000000e8100000| Complete 
| 130|0x00000000e8200000, 0x00000000e8300000, 0x00000000e8300000|100%| S|CS|TAMS 0x00000000e8200000, 0x00000000e8200000| Complete 
| 131|0x00000000e8300000, 0x00000000e8400000, 0x00000000e8400000|100%| S|CS|TAMS 0x00000000e8300000, 0x00000000e8300000| Complete 
| 132|0x00000000e8400000, 0x00000000e8400000, 0x00000000e8500000|  0%| F|  |TAMS 0x00000000e8400000, 0x00000000e8400000| Untracked 
| 133|0x00000000e8500000, 0x00000000e8500000, 0x00000000e8600000|  0%| F|  |TAMS 0x00000000e8500000, 0x00000000e8500000| Untracked 
| 134|0x00000000e8600000, 0x00000000e8600000, 0x00000000e8700000|  0%| F|  |TAMS 0x00000000e8600000, 0x00000000e8600000| Untracked 
| 135|0x00000000e8700000, 0x00000000e8700000, 0x00000000e8800000|  0%| F|  |TAMS 0x00000000e8700000, 0x00000000e8700000| Untracked 
| 136|0x00000000e8800000, 0x00000000e8800000, 0x00000000e8900000|  0%| F|  |TAMS 0x00000000e8800000, 0x00000000e8800000| Untracked 
| 137|0x00000000e8900000, 0x00000000e8900000, 0x00000000e8a00000|  0%| F|  |TAMS 0x00000000e8900000, 0x00000000e8900000| Untracked 
| 138|0x00000000e8a00000, 0x00000000e8a00000, 0x00000000e8b00000|  0%| F|  |TAMS 0x00000000e8a00000, 0x00000000e8a00000| Untracked 
| 139|0x00000000e8b00000, 0x00000000e8b00000, 0x00000000e8c00000|  0%| F|  |TAMS 0x00000000e8b00000, 0x00000000e8b00000| Untracked 
| 140|0x00000000e8c00000, 0x00000000e8c00000, 0x00000000e8d00000|  0%| F|  |TAMS 0x00000000e8c00000, 0x00000000e8c00000| Untracked 
| 141|0x00000000e8d00000, 0x00000000e8d00000, 0x00000000e8e00000|  0%| F|  |TAMS 0x00000000e8d00000, 0x00000000e8d00000| Untracked 
| 142|0x00000000e8e00000, 0x00000000e8e00000, 0x00000000e8f00000|  0%| F|  |TAMS 0x00000000e8e00000, 0x00000000e8e00000| Untracked 
| 143|0x00000000e8f00000, 0x00000000e8f00000, 0x00000000e9000000|  0%| F|  |TAMS 0x00000000e8f00000, 0x00000000e8f00000| Untracked 
| 144|0x00000000e9000000, 0x00000000e9000000, 0x00000000e9100000|  0%| F|  |TAMS 0x00000000e9000000, 0x00000000e9000000| Untracked 
| 145|0x00000000e9100000, 0x00000000e9100000, 0x00000000e9200000|  0%| F|  |TAMS 0x00000000e9100000, 0x00000000e9100000| Untracked 
| 146|0x00000000e9200000, 0x00000000e9200000, 0x00000000e9300000|  0%| F|  |TAMS 0x00000000e9200000, 0x00000000e9200000| Untracked 
| 147|0x00000000e9300000, 0x00000000e9300000, 0x00000000e9400000|  0%| F|  |TAMS 0x00000000e9300000, 0x00000000e9300000| Untracked 
| 148|0x00000000e9400000, 0x00000000e9400000, 0x00000000e9500000|  0%| F|  |TAMS 0x00000000e9400000, 0x00000000e9400000| Untracked 
| 149|0x00000000e9500000, 0x00000000e9500000, 0x00000000e9600000|  0%| F|  |TAMS 0x00000000e9500000, 0x00000000e9500000| Untracked 
| 150|0x00000000e9600000, 0x00000000e9600000, 0x00000000e9700000|  0%| F|  |TAMS 0x00000000e9600000, 0x00000000e9600000| Untracked 
| 151|0x00000000e9700000, 0x00000000e9700000, 0x00000000e9800000|  0%| F|  |TAMS 0x00000000e9700000, 0x00000000e9700000| Untracked 
| 152|0x00000000e9800000, 0x00000000e9800000, 0x00000000e9900000|  0%| F|  |TAMS 0x00000000e9800000, 0x00000000e9800000| Untracked 
| 153|0x00000000e9900000, 0x00000000e9900000, 0x00000000e9a00000|  0%| F|  |TAMS 0x00000000e9900000, 0x00000000e9900000| Untracked 
| 154|0x00000000e9a00000, 0x00000000e9a00000, 0x00000000e9b00000|  0%| F|  |TAMS 0x00000000e9a00000, 0x00000000e9a00000| Untracked 
| 155|0x00000000e9b00000, 0x00000000e9b00000, 0x00000000e9c00000|  0%| F|  |TAMS 0x00000000e9b00000, 0x00000000e9b00000| Untracked 
| 156|0x00000000e9c00000, 0x00000000e9c00000, 0x00000000e9d00000|  0%| F|  |TAMS 0x00000000e9c00000, 0x00000000e9c00000| Untracked 
| 157|0x00000000e9d00000, 0x00000000e9d00000, 0x00000000e9e00000|  0%| F|  |TAMS 0x00000000e9d00000, 0x00000000e9d00000| Untracked 
| 158|0x00000000e9e00000, 0x00000000e9e00000, 0x00000000e9f00000|  0%| F|  |TAMS 0x00000000e9e00000, 0x00000000e9e00000| Untracked 
| 159|0x00000000e9f00000, 0x00000000e9f00000, 0x00000000ea000000|  0%| F|  |TAMS 0x00000000e9f00000, 0x00000000e9f00000| Untracked 
| 160|0x00000000ea000000, 0x00000000ea000000, 0x00000000ea100000|  0%| F|  |TAMS 0x00000000ea000000, 0x00000000ea000000| Untracked 
| 161|0x00000000ea100000, 0x00000000ea180800, 0x00000000ea200000| 50%| E|  |TAMS 0x00000000ea100000, 0x00000000ea100000| Complete 
| 162|0x00000000ea200000, 0x00000000ea300000, 0x00000000ea300000|100%| E|CS|TAMS 0x00000000ea200000, 0x00000000ea200000| Complete 
| 163|0x00000000ea300000, 0x00000000ea400000, 0x00000000ea400000|100%| E|CS|TAMS 0x00000000ea300000, 0x00000000ea300000| Complete 
| 164|0x00000000ea400000, 0x00000000ea4ffc20, 0x00000000ea500000| 99%| E|  |TAMS 0x00000000ea400000, 0x00000000ea400000| Complete 
| 165|0x00000000ea500000, 0x00000000ea600000, 0x00000000ea600000|100%| E|CS|TAMS 0x00000000ea500000, 0x00000000ea500000| Complete 
| 166|0x00000000ea600000, 0x00000000ea700000, 0x00000000ea700000|100%| E|CS|TAMS 0x00000000ea600000, 0x00000000ea600000| Complete 
| 167|0x00000000ea700000, 0x00000000ea800000, 0x00000000ea800000|100%| E|CS|TAMS 0x00000000ea700000, 0x00000000ea700000| Complete 
| 168|0x00000000ea800000, 0x00000000ea900000, 0x00000000ea900000|100%| E|CS|TAMS 0x00000000ea800000, 0x00000000ea800000| Complete 
| 169|0x00000000ea900000, 0x00000000eaa00000, 0x00000000eaa00000|100%| E|CS|TAMS 0x00000000ea900000, 0x00000000ea900000| Complete 
| 170|0x00000000eaa00000, 0x00000000eab00000, 0x00000000eab00000|100%| E|CS|TAMS 0x00000000eaa00000, 0x00000000eaa00000| Complete 
| 171|0x00000000eab00000, 0x00000000eac00000, 0x00000000eac00000|100%| E|CS|TAMS 0x00000000eab00000, 0x00000000eab00000| Complete 
| 172|0x00000000eac00000, 0x00000000ead00000, 0x00000000ead00000|100%| E|CS|TAMS 0x00000000eac00000, 0x00000000eac00000| Complete 
| 173|0x00000000ead00000, 0x00000000eae00000, 0x00000000eae00000|100%| E|CS|TAMS 0x00000000ead00000, 0x00000000ead00000| Complete 
| 174|0x00000000eae00000, 0x00000000eaf00000, 0x00000000eaf00000|100%| E|CS|TAMS 0x00000000eae00000, 0x00000000eae00000| Complete 
| 175|0x00000000eaf00000, 0x00000000eb000000, 0x00000000eb000000|100%| E|CS|TAMS 0x00000000eaf00000, 0x00000000eaf00000| Complete 
| 176|0x00000000eb000000, 0x00000000eb100000, 0x00000000eb100000|100%| E|CS|TAMS 0x00000000eb000000, 0x00000000eb000000| Complete 
| 177|0x00000000eb100000, 0x00000000eb200000, 0x00000000eb200000|100%| E|CS|TAMS 0x00000000eb100000, 0x00000000eb100000| Complete 
| 178|0x00000000eb200000, 0x00000000eb300000, 0x00000000eb300000|100%| E|CS|TAMS 0x00000000eb200000, 0x00000000eb200000| Complete 
| 179|0x00000000eb300000, 0x00000000eb400000, 0x00000000eb400000|100%| E|CS|TAMS 0x00000000eb300000, 0x00000000eb300000| Complete 
| 180|0x00000000eb400000, 0x00000000eb500000, 0x00000000eb500000|100%| E|CS|TAMS 0x00000000eb400000, 0x00000000eb400000| Complete 
| 181|0x00000000eb500000, 0x00000000eb600000, 0x00000000eb600000|100%| E|CS|TAMS 0x00000000eb500000, 0x00000000eb500000| Complete 
| 182|0x00000000eb600000, 0x00000000eb700000, 0x00000000eb700000|100%| E|CS|TAMS 0x00000000eb600000, 0x00000000eb600000| Complete 
| 183|0x00000000eb700000, 0x00000000eb800000, 0x00000000eb800000|100%| E|CS|TAMS 0x00000000eb700000, 0x00000000eb700000| Complete 
| 184|0x00000000eb800000, 0x00000000eb900000, 0x00000000eb900000|100%| E|CS|TAMS 0x00000000eb800000, 0x00000000eb800000| Complete 
| 185|0x00000000eb900000, 0x00000000eba00000, 0x00000000eba00000|100%| E|CS|TAMS 0x00000000eb900000, 0x00000000eb900000| Complete 
| 186|0x00000000eba00000, 0x00000000ebb00000, 0x00000000ebb00000|100%| E|CS|TAMS 0x00000000eba00000, 0x00000000eba00000| Complete 
| 187|0x00000000ebb00000, 0x00000000ebc00000, 0x00000000ebc00000|100%| E|CS|TAMS 0x00000000ebb00000, 0x00000000ebb00000| Complete 
| 188|0x00000000ebc00000, 0x00000000ebd00000, 0x00000000ebd00000|100%| E|CS|TAMS 0x00000000ebc00000, 0x00000000ebc00000| Complete 
| 189|0x00000000ebd00000, 0x00000000ebe00000, 0x00000000ebe00000|100%| E|CS|TAMS 0x00000000ebd00000, 0x00000000ebd00000| Complete 
| 190|0x00000000ebe00000, 0x00000000ebf00000, 0x00000000ebf00000|100%| E|CS|TAMS 0x00000000ebe00000, 0x00000000ebe00000| Complete 
| 191|0x00000000ebf00000, 0x00000000ec000000, 0x00000000ec000000|100%| E|CS|TAMS 0x00000000ebf00000, 0x00000000ebf00000| Complete 
| 192|0x00000000ec000000, 0x00000000ec100000, 0x00000000ec100000|100%| E|CS|TAMS 0x00000000ec000000, 0x00000000ec000000| Complete 
| 193|0x00000000ec100000, 0x00000000ec200000, 0x00000000ec200000|100%| E|CS|TAMS 0x00000000ec100000, 0x00000000ec100000| Complete 
| 194|0x00000000ec200000, 0x00000000ec300000, 0x00000000ec300000|100%| E|CS|TAMS 0x00000000ec200000, 0x00000000ec200000| Complete 
| 195|0x00000000ec300000, 0x00000000ec400000, 0x00000000ec400000|100%| E|CS|TAMS 0x00000000ec300000, 0x00000000ec300000| Complete 
| 196|0x00000000ec400000, 0x00000000ec500000, 0x00000000ec500000|100%| E|CS|TAMS 0x00000000ec400000, 0x00000000ec400000| Complete 
| 197|0x00000000ec500000, 0x00000000ec600000, 0x00000000ec600000|100%| E|CS|TAMS 0x00000000ec500000, 0x00000000ec500000| Complete 
| 198|0x00000000ec600000, 0x00000000ec700000, 0x00000000ec700000|100%| E|CS|TAMS 0x00000000ec600000, 0x00000000ec600000| Complete 
| 199|0x00000000ec700000, 0x00000000ec800000, 0x00000000ec800000|100%| E|CS|TAMS 0x00000000ec700000, 0x00000000ec700000| Complete 
| 200|0x00000000ec800000, 0x00000000ec900000, 0x00000000ec900000|100%| E|CS|TAMS 0x00000000ec800000, 0x00000000ec800000| Complete 
| 201|0x00000000ec900000, 0x00000000eca00000, 0x00000000eca00000|100%| E|CS|TAMS 0x00000000ec900000, 0x00000000ec900000| Complete 
| 202|0x00000000eca00000, 0x00000000ecb00000, 0x00000000ecb00000|100%| E|CS|TAMS 0x00000000eca00000, 0x00000000eca00000| Complete 
| 203|0x00000000ecb00000, 0x00000000ecc00000, 0x00000000ecc00000|100%| E|CS|TAMS 0x00000000ecb00000, 0x00000000ecb00000| Complete 
| 204|0x00000000ecc00000, 0x00000000ecd00000, 0x00000000ecd00000|100%| E|CS|TAMS 0x00000000ecc00000, 0x00000000ecc00000| Complete 
| 205|0x00000000ecd00000, 0x00000000ece00000, 0x00000000ece00000|100%| E|CS|TAMS 0x00000000ecd00000, 0x00000000ecd00000| Complete 
| 206|0x00000000ece00000, 0x00000000ecf00000, 0x00000000ecf00000|100%| E|CS|TAMS 0x00000000ece00000, 0x00000000ece00000| Complete 
| 207|0x00000000ecf00000, 0x00000000ed000000, 0x00000000ed000000|100%| E|CS|TAMS 0x00000000ecf00000, 0x00000000ecf00000| Complete 
| 208|0x00000000ed000000, 0x00000000ed100000, 0x00000000ed100000|100%| E|CS|TAMS 0x00000000ed000000, 0x00000000ed000000| Complete 
| 209|0x00000000ed100000, 0x00000000ed200000, 0x00000000ed200000|100%| E|CS|TAMS 0x00000000ed100000, 0x00000000ed100000| Complete 
| 210|0x00000000ed200000, 0x00000000ed300000, 0x00000000ed300000|100%| E|CS|TAMS 0x00000000ed200000, 0x00000000ed200000| Complete 
| 211|0x00000000ed300000, 0x00000000ed400000, 0x00000000ed400000|100%| E|CS|TAMS 0x00000000ed300000, 0x00000000ed300000| Complete 
| 212|0x00000000ed400000, 0x00000000ed500000, 0x00000000ed500000|100%| E|CS|TAMS 0x00000000ed400000, 0x00000000ed400000| Complete 
| 213|0x00000000ed500000, 0x00000000ed600000, 0x00000000ed600000|100%| E|CS|TAMS 0x00000000ed500000, 0x00000000ed500000| Complete 
| 214|0x00000000ed600000, 0x00000000ed700000, 0x00000000ed700000|100%| E|CS|TAMS 0x00000000ed600000, 0x00000000ed600000| Complete 
| 215|0x00000000ed700000, 0x00000000ed800000, 0x00000000ed800000|100%| E|CS|TAMS 0x00000000ed700000, 0x00000000ed700000| Complete 
| 216|0x00000000ed800000, 0x00000000ed900000, 0x00000000ed900000|100%| E|CS|TAMS 0x00000000ed800000, 0x00000000ed800000| Complete 
| 217|0x00000000ed900000, 0x00000000eda00000, 0x00000000eda00000|100%| E|CS|TAMS 0x00000000ed900000, 0x00000000ed900000| Complete 
| 218|0x00000000eda00000, 0x00000000edb00000, 0x00000000edb00000|100%| E|CS|TAMS 0x00000000eda00000, 0x00000000eda00000| Complete 
| 219|0x00000000edb00000, 0x00000000edc00000, 0x00000000edc00000|100%| E|CS|TAMS 0x00000000edb00000, 0x00000000edb00000| Complete 
| 220|0x00000000edc00000, 0x00000000edd00000, 0x00000000edd00000|100%| E|CS|TAMS 0x00000000edc00000, 0x00000000edc00000| Complete 
| 221|0x00000000edd00000, 0x00000000ede00000, 0x00000000ede00000|100%| E|CS|TAMS 0x00000000edd00000, 0x00000000edd00000| Complete 
| 222|0x00000000ede00000, 0x00000000edf00000, 0x00000000edf00000|100%| E|CS|TAMS 0x00000000ede00000, 0x00000000ede00000| Complete 
| 223|0x00000000edf00000, 0x00000000ee000000, 0x00000000ee000000|100%| E|CS|TAMS 0x00000000edf00000, 0x00000000edf00000| Complete 
| 224|0x00000000ee000000, 0x00000000ee100000, 0x00000000ee100000|100%| E|CS|TAMS 0x00000000ee000000, 0x00000000ee000000| Complete 
| 225|0x00000000ee100000, 0x00000000ee200000, 0x00000000ee200000|100%| E|CS|TAMS 0x00000000ee100000, 0x00000000ee100000| Complete 
| 226|0x00000000ee200000, 0x00000000ee300000, 0x00000000ee300000|100%| E|CS|TAMS 0x00000000ee200000, 0x00000000ee200000| Complete 
| 227|0x00000000ee300000, 0x00000000ee400000, 0x00000000ee400000|100%| E|CS|TAMS 0x00000000ee300000, 0x00000000ee300000| Complete 
| 228|0x00000000ee400000, 0x00000000ee500000, 0x00000000ee500000|100%| E|CS|TAMS 0x00000000ee400000, 0x00000000ee400000| Complete 
| 229|0x00000000ee500000, 0x00000000ee600000, 0x00000000ee600000|100%| E|CS|TAMS 0x00000000ee500000, 0x00000000ee500000| Complete 
| 230|0x00000000ee600000, 0x00000000ee700000, 0x00000000ee700000|100%| E|CS|TAMS 0x00000000ee600000, 0x00000000ee600000| Complete 
| 231|0x00000000ee700000, 0x00000000ee800000, 0x00000000ee800000|100%| E|CS|TAMS 0x00000000ee700000, 0x00000000ee700000| Complete 
| 232|0x00000000ee800000, 0x00000000ee900000, 0x00000000ee900000|100%| E|CS|TAMS 0x00000000ee800000, 0x00000000ee800000| Complete 
| 233|0x00000000ee900000, 0x00000000eea00000, 0x00000000eea00000|100%| E|CS|TAMS 0x00000000ee900000, 0x00000000ee900000| Complete 
| 234|0x00000000eea00000, 0x00000000eeb00000, 0x00000000eeb00000|100%| E|CS|TAMS 0x00000000eea00000, 0x00000000eea00000| Complete 
| 235|0x00000000eeb00000, 0x00000000eec00000, 0x00000000eec00000|100%| E|CS|TAMS 0x00000000eeb00000, 0x00000000eeb00000| Complete 
| 236|0x00000000eec00000, 0x00000000eed00000, 0x00000000eed00000|100%| E|CS|TAMS 0x00000000eec00000, 0x00000000eec00000| Complete 
| 237|0x00000000eed00000, 0x00000000eee00000, 0x00000000eee00000|100%| E|CS|TAMS 0x00000000eed00000, 0x00000000eed00000| Complete 
| 238|0x00000000eee00000, 0x00000000eef00000, 0x00000000eef00000|100%| E|CS|TAMS 0x00000000eee00000, 0x00000000eee00000| Complete 
| 239|0x00000000eef00000, 0x00000000ef000000, 0x00000000ef000000|100%| E|CS|TAMS 0x00000000eef00000, 0x00000000eef00000| Complete 
| 240|0x00000000ef000000, 0x00000000ef100000, 0x00000000ef100000|100%| E|CS|TAMS 0x00000000ef000000, 0x00000000ef000000| Complete 
| 241|0x00000000ef100000, 0x00000000ef200000, 0x00000000ef200000|100%| E|CS|TAMS 0x00000000ef100000, 0x00000000ef100000| Complete 
| 242|0x00000000ef200000, 0x00000000ef300000, 0x00000000ef300000|100%| E|CS|TAMS 0x00000000ef200000, 0x00000000ef200000| Complete 
| 243|0x00000000ef300000, 0x00000000ef400000, 0x00000000ef400000|100%| E|CS|TAMS 0x00000000ef300000, 0x00000000ef300000| Complete 
| 244|0x00000000ef400000, 0x00000000ef500000, 0x00000000ef500000|100%| E|CS|TAMS 0x00000000ef400000, 0x00000000ef400000| Complete 
| 245|0x00000000ef500000, 0x00000000ef600000, 0x00000000ef600000|100%| E|CS|TAMS 0x00000000ef500000, 0x00000000ef500000| Complete 
| 246|0x00000000ef600000, 0x00000000ef700000, 0x00000000ef700000|100%| E|CS|TAMS 0x00000000ef600000, 0x00000000ef600000| Complete 
| 247|0x00000000ef700000, 0x00000000ef800000, 0x00000000ef800000|100%| E|CS|TAMS 0x00000000ef700000, 0x00000000ef700000| Complete 
| 248|0x00000000ef800000, 0x00000000ef900000, 0x00000000ef900000|100%| E|CS|TAMS 0x00000000ef800000, 0x00000000ef800000| Complete 
| 249|0x00000000ef900000, 0x00000000efa00000, 0x00000000efa00000|100%| E|CS|TAMS 0x00000000ef900000, 0x00000000ef900000| Complete 
| 250|0x00000000efa00000, 0x00000000efb00000, 0x00000000efb00000|100%| E|CS|TAMS 0x00000000efa00000, 0x00000000efa00000| Complete 
| 251|0x00000000efb00000, 0x00000000efc00000, 0x00000000efc00000|100%| E|CS|TAMS 0x00000000efb00000, 0x00000000efb00000| Complete 
| 252|0x00000000efc00000, 0x00000000efd00000, 0x00000000efd00000|100%| E|CS|TAMS 0x00000000efc00000, 0x00000000efc00000| Complete 
| 253|0x00000000efd00000, 0x00000000efe00000, 0x00000000efe00000|100%| E|CS|TAMS 0x00000000efd00000, 0x00000000efd00000| Complete 
| 254|0x00000000efe00000, 0x00000000eff00000, 0x00000000eff00000|100%| E|CS|TAMS 0x00000000efe00000, 0x00000000efe00000| Complete 
| 255|0x00000000eff00000, 0x00000000f0000000, 0x00000000f0000000|100%| E|CS|TAMS 0x00000000eff00000, 0x00000000eff00000| Complete 

Card table byte_map: [0x00000119f3880000,0x00000119f3980000] _byte_map_base: 0x00000119f3180000

Marking Bits (Prev, Next): (CMBitMap*) 0x00000119ebc00dd0, (CMBitMap*) 0x00000119ebc00d90
 Prev Bits: [0x00000119f4280000, 0x00000119f4a80000)
 Next Bits: [0x00000119f3a80000, 0x00000119f4280000)

Polling page: 0x00000119e9b70000

Metaspace:

Usage:
  Non-class:     28.91 MB used.
      Class:      4.66 MB used.
       Both:     33.57 MB used.

Virtual space:
  Non-class space:       32.00 MB reserved,      29.12 MB ( 91%) committed,  4 nodes.
      Class space:      308.00 MB reserved,       4.81 MB (  2%) committed,  1 nodes.
             Both:      340.00 MB reserved,      33.94 MB ( 10%) committed. 

Chunk freelists:
   Non-Class:  2.28 MB
       Class:  3.12 MB
        Both:  5.41 MB

MaxMetaspaceSize: 384.00 MB
CompressedClassSpaceSize: 308.00 MB
Initial GC threshold: 21.00 MB
Current GC threshold: 35.12 MB
CDS: on
MetaspaceReclaimPolicy: balanced
 - commit_granule_bytes: 65536.
 - commit_granule_words: 8192.
 - virtual_space_node_default_size: 1048576.
 - enlarge_chunks_in_place: 1.
 - new_chunks_are_fully_committed: 0.
 - uncommit_free_chunks: 1.
 - use_allocation_guard: 0.
 - handle_deallocations: 1.


Internal statistics:

num_allocs_failed_limit: 3.
num_arena_births: 328.
num_arena_deaths: 0.
num_vsnodes_births: 5.
num_vsnodes_deaths: 0.
num_space_committed: 543.
num_space_uncommitted: 0.
num_chunks_returned_to_freelist: 3.
num_chunks_taken_from_freelist: 1534.
num_chunk_merges: 3.
num_chunk_splits: 1042.
num_chunks_enlarged: 770.
num_purges: 0.
num_inconsistent_stats: 0.

CodeHeap 'non-profiled nmethods': size=120000Kb used=2045Kb max_used=2045Kb free=117954Kb
 bounds [0x0000011987ad0000, 0x0000011987d40000, 0x000001198f000000]
CodeHeap 'profiled nmethods': size=120000Kb used=8214Kb max_used=8214Kb free=111785Kb
 bounds [0x00000119805a0000, 0x0000011980db0000, 0x0000011987ad0000]
CodeHeap 'non-nmethods': size=5760Kb used=2297Kb max_used=2338Kb free=3462Kb
 bounds [0x0000011980000000, 0x0000011980270000, 0x00000119805a0000]
 total_blobs=4649 nmethods=3856 adapters=705
 compilation: enabled
              stopped_count=0, restarted_count=0
 full_count=0

Compilation events (20 events):
Event: 27.428 Thread 0x00000119f74945f0 nmethod 3848 0x0000011987cc4210 code [0x0000011987cc47a0, 0x0000011987ccb078]
Event: 27.428 Thread 0x00000119f74945f0 3871       4       jdk.internal.reflect.ClassFileAssembler::emitByte (11 bytes)
Event: 27.430 Thread 0x00000119f74945f0 nmethod 3871 0x0000011987cce090 code [0x0000011987cce220, 0x0000011987cce368]
Event: 27.430 Thread 0x00000119f74945f0 3855       4       java.util.stream.ReferencePipeline$2$1::accept (27 bytes)
Event: 27.430 Thread 0x00000119f74945f0 nmethod 3855 0x0000011987cce510 code [0x0000011987cce6a0, 0x0000011987cce778]
Event: 27.430 Thread 0x00000119f74945f0 3876       4       java.lang.Integer::valueOf (32 bytes)
Event: 27.431 Thread 0x00000119f74945f0 nmethod 3876 0x0000011987cce890 code [0x0000011987ccea20, 0x0000011987cceaf8]
Event: 27.432 Thread 0x00000119f74945f0 3872       4       java.lang.invoke.Invokers$Holder::linkToTargetMethod (9 bytes)
Event: 27.432 Thread 0x00000119f74945f0 nmethod 3872 0x0000011987cceb90 code [0x0000011987cced20, 0x0000011987ccedf8]
Event: 27.432 Thread 0x00000119f74945f0 3883       4       java.util.ArrayList::<init> (61 bytes)
Event: 27.435 Thread 0x00000119f74945f0 nmethod 3883 0x0000011987ccef10 code [0x0000011987ccf0a0, 0x0000011987ccf3f8]
Event: 27.435 Thread 0x00000119f74945f0 3856       4       org.codehaus.groovy.reflection.CachedMethod::compareTo (25 bytes)
Event: 27.461 Thread 0x00000119f7497850 3890       3       java.lang.invoke.MethodType::isConvertibleTo (164 bytes)
Event: 27.462 Thread 0x00000119f7497850 nmethod 3890 0x0000011980da3310 code [0x0000011980da3560, 0x0000011980da3ee8]
Event: 27.462 Thread 0x00000119f7497850 3891       3       java.lang.invoke.MethodHandleImpl::makePairwiseConvert (22 bytes)
Event: 27.463 Thread 0x00000119f7497850 nmethod 3891 0x0000011980da4190 code [0x0000011980da4340, 0x0000011980da4568]
Event: 27.463 Thread 0x00000119f7497850 3892       3       java.lang.invoke.MethodHandleImpl::computeValueConversions (121 bytes)
Event: 27.463 Thread 0x00000119f7497850 nmethod 3892 0x0000011980da4690 code [0x0000011980da48a0, 0x0000011980da50b8]
Event: 27.463 Thread 0x00000119f7497850 3893       3       java.lang.invoke.MethodHandleImpl::countNonNull (42 bytes)
Event: 27.463 Thread 0x00000119f7497850 nmethod 3893 0x0000011980da5490 code [0x0000011980da5640, 0x0000011980da5898]

GC Heap History (6 events):
Event: 6.354 GC heap before
{Heap before GC invocations=0 (full 0):
 garbage-first heap   total 262144K, used 26624K [0x00000000e0000000, 0x0000000100000000)
  region size 1024K, 23 young (23552K), 0 survivors (0K)
 Metaspace       used 2987K, committed 3136K, reserved 323584K
  class space    used 383K, committed 448K, reserved 315392K
}
Event: 6.399 GC heap after
{Heap after GC invocations=1 (full 0):
 garbage-first heap   total 262144K, used 10500K [0x00000000e0000000, 0x0000000100000000)
  region size 1024K, 3 young (3072K), 3 survivors (3072K)
 Metaspace       used 2987K, committed 3136K, reserved 323584K
  class space    used 383K, committed 448K, reserved 315392K
}
Event: 14.772 GC heap before
{Heap before GC invocations=1 (full 0):
 garbage-first heap   total 262144K, used 36100K [0x00000000e0000000, 0x0000000100000000)
  region size 1024K, 28 young (28672K), 3 survivors (3072K)
 Metaspace       used 3995K, committed 4160K, reserved 323584K
  class space    used 491K, committed 576K, reserved 315392K
}
Event: 14.775 GC heap after
{Heap after GC invocations=2 (full 0):
 garbage-first heap   total 262144K, used 11315K [0x00000000e0000000, 0x0000000100000000)
  region size 1024K, 1 young (1024K), 1 survivors (1024K)
 Metaspace       used 3995K, committed 4160K, reserved 323584K
  class space    used 491K, committed 576K, reserved 315392K
}
Event: 23.704 GC heap before
{Heap before GC invocations=2 (full 0):
 garbage-first heap   total 262144K, used 137267K [0x00000000e0000000, 0x0000000100000000)
  region size 1024K, 124 young (126976K), 1 survivors (1024K)
 Metaspace       used 21279K, committed 21504K, reserved 339968K
  class space    used 3136K, committed 3264K, reserved 315392K
}
Event: 23.725 GC heap after
{Heap after GC invocations=3 (full 0):
 garbage-first heap   total 262144K, used 22202K [0x00000000e0000000, 0x0000000100000000)
  region size 1024K, 12 young (12288K), 12 survivors (12288K)
 Metaspace       used 21279K, committed 21504K, reserved 339968K
  class space    used 3136K, committed 3264K, reserved 315392K
}

Deoptimization events (20 events):
Event: 26.788 Thread 0x00000119f9dcb860 DEOPT PACKING pc=0x0000011987c9e710 sp=0x000000159c8f8870
Event: 26.788 Thread 0x00000119f9dcb860 DEOPT UNPACKING pc=0x0000011980055c23 sp=0x000000159c8f87a0 mode 2
Event: 26.788 Thread 0x00000119f9dcb860 Uncommon trap: trap_request=0xffffffde fr.pc=0x0000011987c9e710 relative=0x0000000000000430
Event: 26.788 Thread 0x00000119f9dcb860 Uncommon trap: reason=class_check action=maybe_recompile pc=0x0000011987c9e710 method=java.util.regex.Pattern$Start.match(Ljava/util/regex/Matcher;ILjava/lang/CharSequence;)Z @ 44 c2
Event: 26.788 Thread 0x00000119f9dcb860 DEOPT PACKING pc=0x0000011987c9e710 sp=0x000000159c8f8870
Event: 26.788 Thread 0x00000119f9dcb860 DEOPT UNPACKING pc=0x0000011980055c23 sp=0x000000159c8f87a0 mode 2
Event: 27.010 Thread 0x00000119f9dcb860 Uncommon trap: trap_request=0xffffffde fr.pc=0x0000011987c9e710 relative=0x0000000000000430
Event: 27.010 Thread 0x00000119f9dcb860 Uncommon trap: reason=class_check action=maybe_recompile pc=0x0000011987c9e710 method=java.util.regex.Pattern$Start.match(Ljava/util/regex/Matcher;ILjava/lang/CharSequence;)Z @ 44 c2
Event: 27.010 Thread 0x00000119f9dcb860 DEOPT PACKING pc=0x0000011987c9e710 sp=0x000000159c8f8e10
Event: 27.010 Thread 0x00000119f9dcb860 DEOPT UNPACKING pc=0x0000011980055c23 sp=0x000000159c8f8d40 mode 2
Event: 27.010 Thread 0x00000119f9dcb860 Uncommon trap: trap_request=0xffffffde fr.pc=0x0000011987c9e710 relative=0x0000000000000430
Event: 27.010 Thread 0x00000119f9dcb860 Uncommon trap: reason=class_check action=maybe_recompile pc=0x0000011987c9e710 method=java.util.regex.Pattern$Start.match(Ljava/util/regex/Matcher;ILjava/lang/CharSequence;)Z @ 44 c2
Event: 27.010 Thread 0x00000119f9dcb860 DEOPT PACKING pc=0x0000011987c9e710 sp=0x000000159c8f8e10
Event: 27.010 Thread 0x00000119f9dcb860 DEOPT UNPACKING pc=0x0000011980055c23 sp=0x000000159c8f8d40 mode 2
Event: 27.087 Thread 0x00000119f9dcb860 DEOPT PACKING pc=0x000001198096c308 sp=0x000000159c8fa020
Event: 27.087 Thread 0x00000119f9dcb860 DEOPT UNPACKING pc=0x0000011980056763 sp=0x000000159c8f9528 mode 0
Event: 27.122 Thread 0x00000119f9dcb860 Uncommon trap: trap_request=0xffffff45 fr.pc=0x0000011987bf9b80 relative=0x0000000000006b20
Event: 27.122 Thread 0x00000119f9dcb860 Uncommon trap: reason=unstable_if action=reinterpret pc=0x0000011987bf9b80 method=jdk.internal.org.objectweb.asm.SymbolTable.addType(Ljava/lang/String;)I @ 33 c2
Event: 27.122 Thread 0x00000119f9dcb860 DEOPT PACKING pc=0x0000011987bf9b80 sp=0x000000159c8f8d00
Event: 27.122 Thread 0x00000119f9dcb860 DEOPT UNPACKING pc=0x0000011980055c23 sp=0x000000159c8f8c28 mode 2

Classes unloaded (0 events):
No events

Classes redefined (0 events):
No events

Internal exceptions (20 events):
Event: 26.825 Thread 0x00000119f9dcb860 Exception <a 'java/lang/ClassNotFoundException'{0x00000000eb145c78}: org/gradle/internal/extensibility/DefaultExtraPropertiesExtensionCustomizer> (0x00000000eb145c78) 
thrown [t:\workspace\open\src\hotspot\share\classfile\systemDictionary.cpp, line 256]
Event: 26.841 Thread 0x00000119f9dcb860 Exception <a 'java/lang/NoSuchMethodError'{0x00000000eb1a8a98}: 'void java.lang.invoke.Invokers$Holder.invoke_MT(java.lang.Object, java.lang.Object, java.lang.Object, java.lang.Object)'> (0x00000000eb1a8a98) 
thrown [t:\workspace\open\src\hotspot\share\interpreter\linkResolver.cpp, line 766]
Event: 26.876 Thread 0x00000119f9dcb860 Exception <a 'java/lang/ClassNotFoundException'{0x00000000eb0f0cb8}: org/gradle/invocation/DefaultGradle_DecoratedBeanInfo> (0x00000000eb0f0cb8) 
thrown [t:\workspace\open\src\hotspot\share\classfile\systemDictionary.cpp, line 256]
Event: 26.877 Thread 0x00000119f9dcb860 Exception <a 'java/lang/ClassNotFoundException'{0x00000000eb0ff268}: org/gradle/invocation/DefaultGradleBeanInfo> (0x00000000eb0ff268) 
thrown [t:\workspace\open\src\hotspot\share\classfile\systemDictionary.cpp, line 256]
Event: 26.877 Thread 0x00000119f9dcb860 Exception <a 'java/lang/ClassNotFoundException'{0x00000000eaf0e690}: org/gradle/api/internal/project/AbstractPluginAwareBeanInfo> (0x00000000eaf0e690) 
thrown [t:\workspace\open\src\hotspot\share\classfile\systemDictionary.cpp, line 256]
Event: 26.878 Thread 0x00000119f9dcb860 Exception <a 'java/lang/ClassNotFoundException'{0x00000000eaf1cff8}: org/gradle/api/internal/project/AbstractPluginAwareCustomizer> (0x00000000eaf1cff8) 
thrown [t:\workspace\open\src\hotspot\share\classfile\systemDictionary.cpp, line 256]
Event: 26.889 Thread 0x00000119f9dcb860 Exception <a 'java/lang/ClassNotFoundException'{0x00000000eaf311e8}: org/gradle/invocation/DefaultGradleCustomizer> (0x00000000eaf311e8) 
thrown [t:\workspace\open\src\hotspot\share\classfile\systemDictionary.cpp, line 256]
Event: 26.895 Thread 0x00000119f9dcb860 Exception <a 'java/lang/ClassNotFoundException'{0x00000000eaf70040}: org/gradle/invocation/DefaultGradle_DecoratedCustomizer> (0x00000000eaf70040) 
thrown [t:\workspace\open\src\hotspot\share\classfile\systemDictionary.cpp, line 256]
Event: 27.008 Thread 0x00000119f9dcb860 Exception <a 'java/lang/ClassNotFoundException'{0x00000000eab26618}: groovy/lang/Closure$1BeanInfo> (0x00000000eab26618) 
thrown [t:\workspace\open\src\hotspot\share\classfile\systemDictionary.cpp, line 256]
Event: 27.009 Thread 0x00000119f9dcb860 Exception <a 'java/lang/ClassNotFoundException'{0x00000000eab48f58}: groovy/lang/ClosureBeanInfo> (0x00000000eab48f58) 
thrown [t:\workspace\open\src\hotspot\share\classfile\systemDictionary.cpp, line 256]
Event: 27.009 Thread 0x00000119f9dcb860 Exception <a 'java/lang/ClassNotFoundException'{0x00000000eab6ba80}: groovy/lang/ClosureCustomizer> (0x00000000eab6ba80) 
thrown [t:\workspace\open\src\hotspot\share\classfile\systemDictionary.cpp, line 256]
Event: 27.012 Thread 0x00000119f9dcb860 Exception <a 'java/lang/ClassNotFoundException'{0x00000000eabb1ac0}: groovy/lang/Closure$1Customizer> (0x00000000eabb1ac0) 
thrown [t:\workspace\open\src\hotspot\share\classfile\systemDictionary.cpp, line 256]
Event: 27.102 Thread 0x00000119f9dcb860 Exception <a 'java/lang/ClassNotFoundException'{0x00000000ea817178}: ijresolvers_a3ax0txpl1f0hd2ayuvf2ni62BeanInfo> (0x00000000ea817178) 
thrown [t:\workspace\open\src\hotspot\share\classfile\systemDictionary.cpp, line 256]
Event: 27.102 Thread 0x00000119f9dcb860 Exception <a 'java/lang/ClassNotFoundException'{0x00000000ea81cdd8}: ijresolvers_a3ax0txpl1f0hd2ayuvf2ni62Customizer> (0x00000000ea81cdd8) 
thrown [t:\workspace\open\src\hotspot\share\classfile\systemDictionary.cpp, line 256]
Event: 27.121 Thread 0x00000119f9dcb860 Exception <a 'java/lang/ClassNotFoundException'{0x00000000ea895768}: SetupUtpTestResultListenerActionBeanInfo> (0x00000000ea895768) 
thrown [t:\workspace\open\src\hotspot\share\classfile\systemDictionary.cpp, line 256]
Event: 27.121 Thread 0x00000119f9dcb860 Exception <a 'java/lang/ClassNotFoundException'{0x00000000ea89bbe0}: SetupUtpTestResultListenerActionCustomizer> (0x00000000ea89bbe0) 
thrown [t:\workspace\open\src\hotspot\share\classfile\systemDictionary.cpp, line 256]
Event: 27.136 Thread 0x00000119f9dcb860 Exception <a 'java/lang/ClassNotFoundException'{0x00000000ea71bf58}: org/gradle/execution/taskgraph/DefaultTaskExecutionGraphBeanInfo> (0x00000000ea71bf58) 
thrown [t:\workspace\open\src\hotspot\share\classfile\systemDictionary.cpp, line 256]
Event: 27.137 Thread 0x00000119f9dcb860 Exception <a 'java/lang/ClassNotFoundException'{0x00000000ea72aa28}: org/gradle/execution/taskgraph/DefaultTaskExecutionGraphCustomizer> (0x00000000ea72aa28) 
thrown [t:\workspace\open\src\hotspot\share\classfile\systemDictionary.cpp, line 256]
Event: 27.322 Thread 0x00000119f9dcb860 Exception <a 'java/lang/NoSuchMethodError'{0x00000000ea587ea8}: 'void java.lang.invoke.DirectMethodHandle$Holder.invokeVirtual(java.lang.Object, java.lang.Object)'> (0x00000000ea587ea8) 
thrown [t:\workspace\open\src\hotspot\share\interpreter\linkResolver.cpp, line 766]
Event: 27.370 Thread 0x00000119f9dcb860 Exception <a 'java/lang/NoSuchMethodError'{0x00000000ea5cf890}: 'void java.lang.invoke.DirectMethodHandle$Holder.invokeStatic(java.lang.Object, java.lang.Object, java.lang.Object, java.lang.Object, java.lang.Object, java.lang.Object)'> (0x00000000ea5cf890) 
thrown [t:\workspace\open\src\hotspot\share\interpreter\linkResolver.cpp, line 766]

VM Operations (20 events):
Event: 25.952 Executing VM operation: HandshakeAllThreads
Event: 25.952 Executing VM operation: HandshakeAllThreads done
Event: 25.952 Executing VM operation: Cleanup
Event: 25.953 Executing VM operation: Cleanup done
Event: 26.067 Executing VM operation: HandshakeAllThreads
Event: 26.067 Executing VM operation: HandshakeAllThreads done
Event: 26.167 Executing VM operation: HandshakeAllThreads
Event: 26.168 Executing VM operation: HandshakeAllThreads done
Event: 26.377 Executing VM operation: HandshakeAllThreads
Event: 26.377 Executing VM operation: HandshakeAllThreads done
Event: 26.378 Executing VM operation: HandshakeAllThreads
Event: 26.378 Executing VM operation: HandshakeAllThreads done
Event: 26.391 Executing VM operation: HandshakeAllThreads
Event: 26.391 Executing VM operation: HandshakeAllThreads done
Event: 26.396 Executing VM operation: HandshakeAllThreads
Event: 26.396 Executing VM operation: HandshakeAllThreads done
Event: 26.556 Executing VM operation: HandshakeAllThreads
Event: 26.556 Executing VM operation: HandshakeAllThreads done
Event: 26.799 Executing VM operation: ICBufferFull
Event: 26.799 Executing VM operation: ICBufferFull done

Events (20 events):
Event: 26.559 loading class jdk/internal/jimage/ImageReader$Resource
Event: 26.559 loading class jdk/internal/jimage/ImageReader$Resource done
Event: 26.743 loading class java/util/WeakHashMap$KeyIterator
Event: 26.743 loading class java/util/WeakHashMap$HashIterator
Event: 26.743 loading class java/util/WeakHashMap$HashIterator done
Event: 26.743 loading class java/util/WeakHashMap$KeyIterator done
Event: 26.928 loading class jdk/internal/reflect/UnsafeObjectFieldAccessorImpl
Event: 26.929 loading class jdk/internal/reflect/UnsafeObjectFieldAccessorImpl done
Event: 26.976 loading class sun/reflect/MagicAccessorImpl
Event: 26.976 loading class sun/reflect/MagicAccessorImpl done
Event: 27.012 loading class com/sun/beans/finder/MethodFinder
Event: 27.013 loading class com/sun/beans/finder/AbstractFinder
Event: 27.013 loading class com/sun/beans/finder/AbstractFinder done
Event: 27.013 loading class com/sun/beans/finder/MethodFinder done
Event: 27.013 loading class com/sun/beans/finder/MethodFinder$1
Event: 27.013 loading class com/sun/beans/finder/MethodFinder$1 done
Event: 27.014 loading class com/sun/beans/finder/FinderUtils
Event: 27.014 loading class com/sun/beans/finder/FinderUtils done
Event: 27.052 Thread 0x00000119fadf8a50 Thread added: 0x00000119fadf8a50
Event: 27.083 Thread 0x00000119fadf2540 Thread added: 0x00000119fadf2540


Dynamic libraries:
0x00007ff71c420000 - 0x00007ff71c430000 	C:\Program Files\Java\jdk-17.0.3.1\bin\java.exe
0x00007ff8ea580000 - 0x00007ff8ea789000 	C:\Windows\SYSTEM32\ntdll.dll
0x00007ff8ea2a0000 - 0x00007ff8ea35d000 	C:\Windows\System32\KERNEL32.DLL
0x00007ff8e7b30000 - 0x00007ff8e7eb4000 	C:\Windows\System32\KERNELBASE.dll
0x00007ff8e82b0000 - 0x00007ff8e83c1000 	C:\Windows\System32\ucrtbase.dll
0x00007ff8de260000 - 0x00007ff8de278000 	C:\Program Files\Java\jdk-17.0.3.1\bin\jli.dll
0x00007ff8e9800000 - 0x00007ff8e98ae000 	C:\Windows\System32\ADVAPI32.dll
0x00007ff8e8450000 - 0x00007ff8e84f3000 	C:\Windows\System32\msvcrt.dll
0x00007ff8ea4a0000 - 0x00007ff8ea53e000 	C:\Windows\System32\sechost.dll
0x00007ff8e92e0000 - 0x00007ff8e9401000 	C:\Windows\System32\RPCRT4.dll
0x00007ff8e9db0000 - 0x00007ff8e9f5d000 	C:\Windows\System32\USER32.dll
0x00007ff8e8090000 - 0x00007ff8e80b6000 	C:\Windows\System32\win32u.dll
0x00007ff8ea200000 - 0x00007ff8ea22a000 	C:\Windows\System32\GDI32.dll
0x00007ff8e7a10000 - 0x00007ff8e7b2e000 	C:\Windows\System32\gdi32full.dll
0x00007ff8e7ff0000 - 0x00007ff8e808d000 	C:\Windows\System32\msvcp_win.dll
0x00007ff8cf6a0000 - 0x00007ff8cf6ba000 	C:\Program Files\Java\jdk-17.0.3.1\bin\VCRUNTIME140.dll
0x00007ff8c8ab0000 - 0x00007ff8c8d55000 	C:\Windows\WinSxS\amd64_microsoft.windows.common-controls_6595b64144ccf1df_6.0.22000.120_none_9d947278b86cc467\COMCTL32.dll
0x00007ff8dd900000 - 0x00007ff8dd90a000 	C:\Windows\SYSTEM32\VERSION.dll
0x00007ff8ea3f0000 - 0x00007ff8ea421000 	C:\Windows\System32\IMM32.DLL
0x00007ff8d04a0000 - 0x00007ff8d04ac000 	C:\Program Files\Java\jdk-17.0.3.1\bin\vcruntime140_1.dll
0x00007ff8b9960000 - 0x00007ff8b99ed000 	C:\Program Files\Java\jdk-17.0.3.1\bin\msvcp140.dll
0x00007ff8817a0000 - 0x00007ff882360000 	C:\Program Files\Java\jdk-17.0.3.1\bin\server\jvm.dll
0x00007ff8e8440000 - 0x00007ff8e8448000 	C:\Windows\System32\PSAPI.DLL
0x00007ff8c2a00000 - 0x00007ff8c2a09000 	C:\Windows\SYSTEM32\WSOCK32.dll
0x00007ff8de200000 - 0x00007ff8de233000 	C:\Windows\SYSTEM32\WINMM.dll
0x00007ff8ea230000 - 0x00007ff8ea29f000 	C:\Windows\System32\WS2_32.dll
0x00007ff8e6b70000 - 0x00007ff8e6b88000 	C:\Windows\SYSTEM32\kernel.appcore.dll
0x00007ff8d0460000 - 0x00007ff8d046a000 	C:\Program Files\Java\jdk-17.0.3.1\bin\jimage.dll
0x00007ff8e5240000 - 0x00007ff8e5461000 	C:\Windows\SYSTEM32\DBGHELP.DLL
0x00007ff8c69d0000 - 0x00007ff8c6a01000 	C:\Windows\SYSTEM32\dbgcore.DLL
0x00007ff8e8230000 - 0x00007ff8e82af000 	C:\Windows\System32\bcryptPrimitives.dll
0x00007ff8d02d0000 - 0x00007ff8d02de000 	C:\Program Files\Java\jdk-17.0.3.1\bin\instrument.dll
0x00007ff8c3b70000 - 0x00007ff8c3b95000 	C:\Program Files\Java\jdk-17.0.3.1\bin\java.dll
0x00007ff8a3230000 - 0x00007ff8a3306000 	C:\Program Files\Java\jdk-17.0.3.1\bin\jsvml.dll
0x00007ff8e8b10000 - 0x00007ff8e92d5000 	C:\Windows\System32\SHELL32.dll
0x00007ff8e5ac0000 - 0x00007ff8e6322000 	C:\Windows\SYSTEM32\windows.storage.dll
0x00007ff8e9480000 - 0x00007ff8e97f6000 	C:\Windows\System32\combase.dll
0x00007ff8e5950000 - 0x00007ff8e5ab7000 	C:\Windows\SYSTEM32\wintypes.dll
0x00007ff8e86c0000 - 0x00007ff8e87aa000 	C:\Windows\System32\SHCORE.dll
0x00007ff8e9d40000 - 0x00007ff8e9d9d000 	C:\Windows\System32\shlwapi.dll
0x00007ff8e7940000 - 0x00007ff8e7965000 	C:\Windows\SYSTEM32\profapi.dll
0x00007ff8c97f0000 - 0x00007ff8c9808000 	C:\Program Files\Java\jdk-17.0.3.1\bin\zip.dll
0x00007ff8c8240000 - 0x00007ff8c8259000 	C:\Program Files\Java\jdk-17.0.3.1\bin\net.dll
0x00007ff8e27c0000 - 0x00007ff8e28d4000 	C:\Windows\SYSTEM32\WINHTTP.dll
0x00007ff8e7020000 - 0x00007ff8e7087000 	C:\Windows\system32\mswsock.dll
0x00007ff8c8040000 - 0x00007ff8c8056000 	C:\Program Files\Java\jdk-17.0.3.1\bin\nio.dll
0x00007ff8e3c70000 - 0x00007ff8e3c80000 	C:\Program Files\Java\jdk-17.0.3.1\bin\verify.dll
0x00007ff8c8080000 - 0x00007ff8c80a7000 	C:\Users\28 Programmers\.gradle\native\c067742578af261105cb4f569cf0c3c89f3d7b1fecec35dd04571415982c5e48\windows-amd64\native-platform.dll
0x00007ff8a2990000 - 0x00007ff8a2ad4000 	C:\Users\28 Programmers\.gradle\native\38dada09dfb8b06ba9b0570ebf7e218e3eb74d4ef43ca46872605cf95ebc2f47\windows-amd64\native-platform-file-events.dll
0x00007ff8de310000 - 0x00007ff8de319000 	C:\Program Files\Java\jdk-17.0.3.1\bin\management.dll
0x00007ff8de300000 - 0x00007ff8de30b000 	C:\Program Files\Java\jdk-17.0.3.1\bin\management_ext.dll
0x00007ff8e7260000 - 0x00007ff8e7278000 	C:\Windows\SYSTEM32\CRYPTSP.dll
0x00007ff8e6ad0000 - 0x00007ff8e6b05000 	C:\Windows\system32\rsaenh.dll
0x00007ff8e7110000 - 0x00007ff8e713c000 	C:\Windows\SYSTEM32\USERENV.dll
0x00007ff8e73e0000 - 0x00007ff8e7407000 	C:\Windows\SYSTEM32\bcrypt.dll
0x00007ff8e7280000 - 0x00007ff8e728c000 	C:\Windows\SYSTEM32\CRYPTBASE.dll
0x00007ff8e65f0000 - 0x00007ff8e661d000 	C:\Windows\SYSTEM32\IPHLPAPI.DLL
0x00007ff8e9da0000 - 0x00007ff8e9da9000 	C:\Windows\System32\NSI.dll
0x00007ff8e27a0000 - 0x00007ff8e27b9000 	C:\Windows\SYSTEM32\dhcpcsvc6.DLL
0x00007ff8e2a00000 - 0x00007ff8e2a1e000 	C:\Windows\SYSTEM32\dhcpcsvc.DLL
0x00007ff8e6620000 - 0x00007ff8e6707000 	C:\Windows\SYSTEM32\DNSAPI.dll
0x00007ff8d0490000 - 0x00007ff8d049e000 	C:\Program Files\Java\jdk-17.0.3.1\bin\sunmscapi.dll
0x00007ff8e80c0000 - 0x00007ff8e8222000 	C:\Windows\System32\CRYPT32.dll
0x00007ff8e73b0000 - 0x00007ff8e73d8000 	C:\Windows\SYSTEM32\ncrypt.dll
0x00007ff8e7370000 - 0x00007ff8e73a7000 	C:\Windows\SYSTEM32\NTASN1.dll
0x00007ff8dc700000 - 0x00007ff8dc708000 	C:\Windows\system32\wshunix.dll

dbghelp: loaded successfully - version: 4.0.5 - missing functions: none
symbol engine: initialized successfully - sym options: 0x614 - pdb path: .;C:\Program Files\Java\jdk-17.0.3.1\bin;C:\Windows\SYSTEM32;C:\Windows\WinSxS\amd64_microsoft.windows.common-controls_6595b64144ccf1df_6.0.22000.120_none_9d947278b86cc467;C:\Program Files\Java\jdk-17.0.3.1\bin\server;C:\Users\28 Programmers\.gradle\native\c067742578af261105cb4f569cf0c3c89f3d7b1fecec35dd04571415982c5e48\windows-amd64;C:\Users\28 Programmers\.gradle\native\38dada09dfb8b06ba9b0570ebf7e218e3eb74d4ef43ca46872605cf95ebc2f47\windows-amd64

VM Arguments:
jvm_args: --add-opens=java.base/java.util=ALL-UNNAMED --add-opens=java.base/java.lang=ALL-UNNAMED --add-opens=java.base/java.lang.invoke=ALL-UNNAMED --add-opens=java.prefs/java.util.prefs=ALL-UNNAMED --add-opens=java.base/java.nio.charset=ALL-UNNAMED --add-opens=java.base/java.net=ALL-UNNAMED --add-opens=java.base/java.util.concurrent.atomic=ALL-UNNAMED -XX:MaxMetaspaceSize=384m -XX:+HeapDumpOnOutOfMemoryError -Xms256m -Xmx512m -Dfile.encoding=windows-1252 -Duser.country=GB -Duser.language=en -Duser.variant -javaagent:C:\Users\28 Programmers\.gradle\wrapper\dists\gradle-8.5-bin\5t9huq95ubn472n8rpzujfbqh\gradle-8.5\lib\agents\gradle-instrumentation-agent-8.5.jar 
java_command: org.gradle.launcher.daemon.bootstrap.GradleDaemon 8.5
java_class_path (initial): C:\Users\28 Programmers\.gradle\wrapper\dists\gradle-8.5-bin\5t9huq95ubn472n8rpzujfbqh\gradle-8.5\lib\gradle-launcher-8.5.jar
Launcher Type: SUN_STANDARD

[Global flags]
     intx CICompilerCount                          = 4                                         {product} {ergonomic}
   size_t CompressedClassSpaceSize                 = 322961408                                 {product} {ergonomic}
     uint ConcGCThreads                            = 2                                         {product} {ergonomic}
     uint G1ConcRefinementThreads                  = 8                                         {product} {ergonomic}
   size_t G1HeapRegionSize                         = 1048576                                   {product} {ergonomic}
    uintx GCDrainStackTargetSize                   = 64                                        {product} {ergonomic}
     bool HeapDumpOnOutOfMemoryError               = true                                   {manageable} {command line}
   size_t InitialHeapSize                          = 268435456                                 {product} {command line}
   size_t MarkStackSize                            = 4194304                                   {product} {ergonomic}
   size_t MaxHeapSize                              = 536870912                                 {product} {command line}
   size_t MaxMetaspaceSize                         = 402653184                                 {product} {command line}
   size_t MaxNewSize                               = 321912832                                 {product} {ergonomic}
   size_t MinHeapDeltaBytes                        = 1048576                                   {product} {ergonomic}
   size_t MinHeapSize                              = 268435456                                 {product} {command line}
    uintx NonNMethodCodeHeapSize                   = 5839372                                {pd product} {ergonomic}
    uintx NonProfiledCodeHeapSize                  = 122909434                              {pd product} {ergonomic}
    uintx ProfiledCodeHeapSize                     = 122909434                              {pd product} {ergonomic}
    uintx ReservedCodeCacheSize                    = 251658240                              {pd product} {ergonomic}
     bool SegmentedCodeCache                       = true                                      {product} {ergonomic}
   size_t SoftMaxHeapSize                          = 536870912                              {manageable} {ergonomic}
     bool UseCompressedClassPointers               = true                           {product lp64_product} {ergonomic}
     bool UseCompressedOops                        = true                           {product lp64_product} {ergonomic}
     bool UseG1GC                                  = true                                      {product} {ergonomic}
     bool UseLargePagesIndividualAllocation        = false                                  {pd product} {ergonomic}

Logging:
Log output configuration:
 #0: stdout all=warning uptime,level,tags
 #1: stderr all=off uptime,level,tags

Environment Variables:
JAVA_HOME=C:\Program Files\Java\jdk-17.0.3.1
PATH=C:\Program Files\Common Files\Oracle\Java\javapath;C:\Windows\system32;C:\Windows;C:\Windows\System32\Wbem;C:\Windows\System32\WindowsPowerShell\v1.0\;C:\Windows\System32\OpenSSH\;C:\Program Files\Java\jdk-17.0.3.1\bin;C:\Program Files\Git\cmd;C:\Program Files\Docker\Docker\resources\bin;C:\Program Files\MySQL\MySQL Shell 8.0\bin\;C:\Users\28 Programmers\AppData\Local\Microsoft\WindowsApps;C:\Users\28 Programmers\AppData\Local\GitHubDesktop\bin;C:\Users\28 Programmers\AppData\Local\Programs\Microsoft VS Code\bin;C:\Program Files\JetBrains\IntelliJ IDEA Community Edition 2023.1.2\bin;;C:\Program Files\JetBrains\DataGrip 2023.3.3\bin;
USERNAME=28 Programmers
OS=Windows_NT
PROCESSOR_IDENTIFIER=Intel64 Family 6 Model 140 Stepping 1, GenuineIntel



---------------  S Y S T E M  ---------------

OS:
 Windows 11 , 64 bit Build 22000 (10.0.22000.2538)
OS uptime: 5 days 3:56 hours
Hyper-V role detected

CPU: total 8 (initial active 8) (4 cores per cpu, 2 threads per core) family 6 model 140 stepping 1 microcode 0x86, cx8, cmov, fxsr, ht, mmx, 3dnowpref, sse, sse2, sse3, ssse3, sse4.1, sse4.2, popcnt, lzcnt, tsc, tscinvbit, avx, avx2, aes, erms, clmul, bmi1, bmi2, adx, avx512f, avx512dq, avx512cd, avx512bw, avx512vl, sha, fma, vzeroupper, avx512_vpopcntdq, avx512_vpclmulqdq, avx512_vaes, avx512_vnni, clflush, clflushopt, clwb, avx512_vbmi2, avx512_vbmi, hv

Memory: 4k page, system-wide physical 7957M (218M free)
TotalPageFile size 32533M (AvailPageFile size 5M)
current process WorkingSet (physical memory assigned to process): 279M, peak: 282M
current process commit charge ("private bytes"): 436M, peak: 438M

vm_info: Java HotSpot(TM) 64-Bit Server VM (17.0.3.1+2-LTS-6) for windows-amd64 JRE (17.0.3.1+2-LTS-6), built on Apr 25 2022 22:04:21 by "mach5one" with MS VC++ 16.8 / 16.9 (VS2019)

END.
